2019-09-19 21:18:40,765 - root - INFO - ############################### START ###############################
2019-09-19 21:18:40,783 - root - INFO - ############################### START ###############################
2019-09-19 21:32:18,538 - root - INFO - ############################### START ###############################
2019-09-19 21:32:21,496 - root - INFO - SUCCESS    Start a new browser: chrome, Spend 2.9561691284179688 seconds
2019-09-19 21:32:22,617 - root - INFO - SUCCESS    Set browser window maximized, Spend 1.1200642585754395 seconds
2019-09-19 21:32:23,311 - root - INFO - SUCCESS    Navigated to http://www.baidu.com, Spend 0.6920397281646729 seconds
2019-09-19 21:32:23,466 - root - INFO - SUCCESS    Clear and type element: <id->kw> content: 小石头tester, Spend 0.15500903129577637 seconds
2019-09-19 21:32:23,544 - root - INFO - SUCCESS    Clicked element: <id->su>, Spend 0.0760042667388916 seconds
2019-09-19 21:32:25,549 - root - INFO - SUCCESS    Get current window title, Spend 0.004000186920166016 seconds
2019-09-19 21:32:27,748 - root - INFO - SUCCESS    Closed all window and quit the driver, Spend 2.1961255073547363 seconds
2019-09-19 21:32:27,751 - root - INFO - ###############################  End  ###############################
2019-09-19 21:32:27,754 - root - INFO - ############################### START ###############################
2019-09-19 21:32:30,536 - root - INFO - SUCCESS    Start a new browser: chrome, Spend 2.7811591625213623 seconds
2019-09-19 21:32:31,676 - root - INFO - SUCCESS    Set browser window maximized, Spend 1.1370654106140137 seconds
2019-09-19 21:32:32,604 - root - INFO - SUCCESS    Navigated to http://www.baidu.com, Spend 0.8630495071411133 seconds
2019-09-19 21:32:32,910 - root - INFO - SUCCESS    Clear and type element: <id->kw> content: webdriver, Spend 0.30501747131347656 seconds
2019-09-19 21:32:32,969 - root - INFO - SUCCESS    Clicked element: <id->su>, Spend 0.059003353118896484 seconds
2019-09-19 21:32:34,986 - root - INFO - SUCCESS    Get current window title, Spend 0.014000892639160156 seconds
2019-09-19 21:32:35,253 - root - INFO - SUCCESS    Navigated to http://www.baidu.com, Spend 0.2650153636932373 seconds
2019-09-19 21:32:35,363 - root - INFO - SUCCESS    Clear and type element: <id->kw> content: selenium, Spend 0.10900616645812988 seconds
2019-09-19 21:32:35,420 - root - INFO - SUCCESS    Clicked element: <id->su>, Spend 0.05600309371948242 seconds
2019-09-19 21:32:37,434 - root - INFO - SUCCESS    Get current window title, Spend 0.012000799179077148 seconds
2019-09-19 21:32:37,681 - root - INFO - SUCCESS    Navigated to http://www.baidu.com, Spend 0.24501395225524902 seconds
2019-09-19 21:32:37,786 - root - INFO - SUCCESS    Clear and type element: <id->kw> content: github, Spend 0.10300588607788086 seconds
2019-09-19 21:32:37,833 - root - INFO - SUCCESS    Clicked element: <id->su>, Spend 0.04600262641906738 seconds
2019-09-19 21:32:39,838 - root - INFO - SUCCESS    Get current window title, Spend 0.003999948501586914 seconds
2019-09-19 21:32:40,033 - root - INFO - SUCCESS    Navigated to http://www.baidu.com, Spend 0.19301080703735352 seconds
2019-09-19 21:32:40,167 - root - INFO - SUCCESS    Clear and type element: <id->kw> content: 小石头tester, Spend 0.13300752639770508 seconds
2019-09-19 21:32:40,234 - root - INFO - SUCCESS    Clicked element: <id->su>, Spend 0.06500387191772461 seconds
2019-09-19 21:32:42,239 - root - INFO - SUCCESS    Get current window title, Spend 0.004000186920166016 seconds
2019-09-19 21:32:44,419 - root - INFO - SUCCESS    Closed all window and quit the driver, Spend 2.1781246662139893 seconds
2019-09-19 21:32:44,421 - root - INFO - ###############################  End  ###############################
2019-09-19 21:39:11,541 - root - INFO - ############################### START ###############################
2019-09-19 21:39:14,153 - root - INFO - SUCCESS    Start a new browser: chrome, Spend 2.610149383544922 seconds
2019-09-19 21:39:15,263 - root - INFO - SUCCESS    Set browser window maximized, Spend 1.1090636253356934 seconds
2019-09-19 21:39:16,008 - root - INFO - SUCCESS    Navigated to http://www.baidu.com, Spend 0.7430422306060791 seconds
2019-09-19 21:39:16,202 - root - INFO - SUCCESS    Clear and type element: <id->kw> content: 小石头tester, Spend 0.1910109519958496 seconds
2019-09-19 21:39:16,274 - root - INFO - SUCCESS    Clicked element: <id->su>, Spend 0.07100415229797363 seconds
2019-09-19 21:39:18,281 - root - INFO - SUCCESS    Get current window title, Spend 0.004000186920166016 seconds
2019-09-19 21:39:20,475 - root - INFO - SUCCESS    Closed all window and quit the driver, Spend 2.1921255588531494 seconds
2019-09-19 21:39:20,478 - root - INFO - ###############################  End  ###############################
2019-09-19 21:39:20,481 - root - INFO - ############################### START ###############################
2019-09-19 21:39:23,238 - root - INFO - SUCCESS    Start a new browser: chrome, Spend 2.754157543182373 seconds
2019-09-19 21:39:24,395 - root - INFO - SUCCESS    Set browser window maximized, Spend 1.1540660858154297 seconds
2019-09-19 21:39:25,455 - root - INFO - SUCCESS    Navigated to http://www.baidu.com, Spend 1.0290589332580566 seconds
2019-09-19 21:39:25,644 - root - INFO - SUCCESS    Clear and type element: <id->kw> content: webdriver, Spend 0.1870105266571045 seconds
2019-09-19 21:39:25,723 - root - INFO - SUCCESS    Clicked element: <id->su>, Spend 0.07800459861755371 seconds
2019-09-19 21:39:27,729 - root - INFO - SUCCESS    Get current window title, Spend 0.004000186920166016 seconds
2019-09-19 21:39:27,980 - root - INFO - SUCCESS    Navigated to http://www.baidu.com, Spend 0.2500145435333252 seconds
2019-09-19 21:39:28,101 - root - INFO - SUCCESS    Clear and type element: <id->kw> content: selenium, Spend 0.12100696563720703 seconds
2019-09-19 21:39:28,165 - root - INFO - SUCCESS    Clicked element: <id->su>, Spend 0.0630037784576416 seconds
2019-09-19 21:39:30,170 - root - INFO - SUCCESS    Get current window title, Spend 0.0030002593994140625 seconds
2019-09-19 21:39:30,371 - root - INFO - SUCCESS    Navigated to http://www.baidu.com, Spend 0.2000114917755127 seconds
2019-09-19 21:39:30,468 - root - INFO - SUCCESS    Clear and type element: <id->kw> content: github, Spend 0.09600567817687988 seconds
2019-09-19 21:39:30,532 - root - INFO - SUCCESS    Clicked element: <id->su>, Spend 0.0630035400390625 seconds
2019-09-19 21:39:32,546 - root - INFO - SUCCESS    Get current window title, Spend 0.012000799179077148 seconds
2019-09-19 21:39:32,779 - root - INFO - SUCCESS    Navigated to http://www.baidu.com, Spend 0.23001313209533691 seconds
2019-09-19 21:39:32,895 - root - INFO - SUCCESS    Clear and type element: <id->kw> content: 小石头tester, Spend 0.11400651931762695 seconds
2019-09-19 21:39:32,944 - root - INFO - SUCCESS    Clicked element: <id->su>, Spend 0.04800271987915039 seconds
2019-09-19 21:39:34,959 - root - INFO - SUCCESS    Get current window title, Spend 0.013000965118408203 seconds
2019-09-19 21:39:37,189 - root - INFO - SUCCESS    Closed all window and quit the driver, Spend 2.2261273860931396 seconds
2019-09-19 21:39:37,192 - root - INFO - ###############################  End  ###############################
2019-09-19 21:42:00,252 - root - INFO - ############################### START ###############################
2019-09-19 21:42:02,775 - root - INFO - SUCCESS    Start a new browser: chrome, Spend 2.521143913269043 seconds
2019-09-19 21:42:03,906 - root - INFO - SUCCESS    Set browser window maximized, Spend 1.1290645599365234 seconds
2019-09-19 21:42:04,669 - root - INFO - SUCCESS    Navigated to http://www.baidu.com, Spend 0.7590436935424805 seconds
2019-09-19 21:42:04,820 - root - INFO - SUCCESS    Clear and type element: <id->kw> content: 小石头tester, Spend 0.1480088233947754 seconds
2019-09-19 21:42:04,880 - root - INFO - SUCCESS    Clicked element: <id->su>, Spend 0.059003353118896484 seconds
2019-09-19 21:42:06,885 - root - INFO - SUCCESS    Get current window title, Spend 0.003999948501586914 seconds
2019-09-19 21:42:09,075 - root - INFO - SUCCESS    Closed all window and quit the driver, Spend 2.1871249675750732 seconds
2019-09-19 21:42:09,078 - root - INFO - ###############################  End  ###############################
2019-09-19 21:53:06,138 - root - INFO - ############################### START ###############################
2019-09-19 21:53:08,738 - root - INFO - SUCCESS    Start a new browser: chrome, Spend 2.600148916244507 seconds
2019-09-19 21:53:09,876 - root - INFO - SUCCESS    Set browser window maximized, Spend 1.1370649337768555 seconds
2019-09-19 21:53:10,608 - root - INFO - SUCCESS    Navigated to http://www.baidu.com, Spend 0.7290418148040771 seconds
2019-09-19 21:53:10,791 - root - INFO - SUCCESS    Clear and type element: <id->kw> content: 小石头tester, Spend 0.18201017379760742 seconds
2019-09-19 21:53:12,971 - root - INFO - ###############################  End  ###############################
2019-09-19 21:53:12,977 - root - INFO - ############################### START ###############################
2019-09-19 21:53:15,655 - root - INFO - SUCCESS    Start a new browser: chrome, Spend 2.6751530170440674 seconds
2019-09-19 21:53:16,783 - root - INFO - SUCCESS    Set browser window maximized, Spend 1.1260645389556885 seconds
2019-09-19 21:53:17,542 - root - INFO - SUCCESS    Navigated to http://www.baidu.com, Spend 0.7470428943634033 seconds
2019-09-19 21:53:17,693 - root - INFO - SUCCESS    Clear and type element: <id->kw> content: webdriver, Spend 0.1500086784362793 seconds
2019-09-19 21:53:19,891 - root - INFO - ###############################  End  ###############################
2019-09-19 21:53:58,604 - root - INFO - ############################### START ###############################
2019-09-19 21:54:01,226 - root - INFO - SUCCESS    Start a new browser: chrome, Spend 2.620149850845337 seconds
2019-09-19 21:54:02,371 - root - INFO - SUCCESS    Set browser window maximized, Spend 1.1430649757385254 seconds
2019-09-19 21:54:03,107 - root - INFO - SUCCESS    Navigated to http://www.baidu.com, Spend 0.7340421676635742 seconds
2019-09-19 21:54:03,282 - root - INFO - SUCCESS    Clear and type element: <id->kw> content: 小石头tester, Spend 0.17201018333435059 seconds
2019-09-19 21:54:05,471 - root - INFO - ###############################  End  ###############################
2019-09-19 21:54:05,477 - root - INFO - ############################### START ###############################
2019-09-19 21:54:08,165 - root - INFO - SUCCESS    Start a new browser: chrome, Spend 2.6861536502838135 seconds
2019-09-19 21:54:09,279 - root - INFO - SUCCESS    Set browser window maximized, Spend 1.1120634078979492 seconds
2019-09-19 21:54:09,836 - root - INFO - SUCCESS    Navigated to http://www.baidu.com, Spend 0.5460312366485596 seconds
2019-09-19 21:54:09,976 - root - INFO - SUCCESS    Clear and type element: <id->kw> content: webdriver, Spend 0.1390080451965332 seconds
2019-09-19 21:54:12,181 - root - INFO - ###############################  End  ###############################
2019-09-19 21:58:37,563 - root - INFO - ############################### START ###############################
2019-09-19 21:58:40,225 - root - INFO - SUCCESS    Start a new browser: chrome, Spend 2.6611521244049072 seconds
2019-09-19 21:58:41,350 - root - INFO - SUCCESS    Set browser window maximized, Spend 1.1240642070770264 seconds
2019-09-19 21:58:42,195 - root - INFO - SUCCESS    Navigated to http://www.baidu.com, Spend 0.843048095703125 seconds
2019-09-19 21:58:42,363 - root - INFO - SUCCESS    Clear and type element: <id->kw> content: 小石头tester, Spend 0.16700959205627441 seconds
2019-09-19 21:58:42,444 - root - INFO - SUCCESS    Clicked element: <id->su>, Spend 0.07900452613830566 seconds
2019-09-19 21:58:44,462 - root - INFO - SUCCESS    Get current window title, Spend 0.01500082015991211 seconds
2019-09-19 21:58:46,680 - root - INFO - ###############################  End  ###############################
2019-09-19 21:58:46,683 - root - INFO - ############################### START ###############################
2019-09-19 21:58:49,339 - root - INFO - SUCCESS    Start a new browser: chrome, Spend 2.6521518230438232 seconds
2019-09-19 21:58:50,462 - root - INFO - SUCCESS    Set browser window maximized, Spend 1.1220643520355225 seconds
2019-09-19 21:58:51,180 - root - INFO - SUCCESS    Navigated to http://www.baidu.com, Spend 0.7020399570465088 seconds
2019-09-19 21:58:51,381 - root - INFO - SUCCESS    Clear and type element: <id->kw> content: webdriver, Spend 0.2000112533569336 seconds
2019-09-19 21:58:51,447 - root - INFO - SUCCESS    Clicked element: <id->su>, Spend 0.06400346755981445 seconds
2019-09-19 21:58:53,465 - root - INFO - SUCCESS    Get current window title, Spend 0.01500082015991211 seconds
2019-09-19 21:58:53,691 - root - INFO - SUCCESS    Navigated to http://www.baidu.com, Spend 0.22501277923583984 seconds
2019-09-19 21:58:53,814 - root - INFO - SUCCESS    Clear and type element: <id->kw> content: selenium, Spend 0.12100720405578613 seconds
2019-09-19 21:58:53,876 - root - INFO - SUCCESS    Clicked element: <id->su>, Spend 0.062003374099731445 seconds
2019-09-19 21:58:55,881 - root - INFO - SUCCESS    Get current window title, Spend 0.004000186920166016 seconds
2019-09-19 21:58:56,077 - root - INFO - SUCCESS    Navigated to http://www.baidu.com, Spend 0.19501113891601562 seconds
2019-09-19 21:58:56,193 - root - INFO - SUCCESS    Clear and type element: <id->kw> content: github, Spend 0.11400651931762695 seconds
2019-09-19 21:58:56,266 - root - INFO - SUCCESS    Clicked element: <id->su>, Spend 0.07200431823730469 seconds
2019-09-19 21:58:58,280 - root - INFO - SUCCESS    Get current window title, Spend 0.012000799179077148 seconds
2019-09-19 21:58:58,493 - root - INFO - SUCCESS    Navigated to http://www.baidu.com, Spend 0.2110121250152588 seconds
2019-09-19 21:58:58,615 - root - INFO - SUCCESS    Clear and type element: <id->kw> content: 小石头tester, Spend 0.12000679969787598 seconds
2019-09-19 21:58:58,681 - root - INFO - SUCCESS    Clicked element: <id->su>, Spend 0.06400394439697266 seconds
2019-09-19 21:59:00,685 - root - INFO - SUCCESS    Get current window title, Spend 0.0030002593994140625 seconds
2019-09-19 21:59:02,896 - root - INFO - ###############################  End  ###############################
2019-09-19 22:09:23,993 - root - INFO - ############################### START ###############################
2019-09-19 22:09:26,648 - root - INFO - SUCCESS    Start a new browser: chrome, Spend 2.6551520824432373 seconds
2019-09-19 22:09:27,786 - root - INFO - SUCCESS    Set browser window maximized, Spend 1.1370649337768555 seconds
2019-09-19 22:09:28,506 - root - INFO - SUCCESS    Navigated to http://www.baidu.com, Spend 0.7200412750244141 seconds
2019-09-19 22:09:28,665 - root - INFO - SUCCESS    Clear and type element: <id->kw> content: 小石头tester, Spend 0.15700912475585938 seconds
2019-09-19 22:09:28,724 - root - INFO - SUCCESS    Clicked element: <id->su>, Spend 0.05800318717956543 seconds
2019-09-19 22:09:30,914 - root - INFO - ###############################  End  ###############################
2019-09-19 22:09:30,920 - root - INFO - ############################### START ###############################
2019-09-19 22:09:33,577 - root - INFO - SUCCESS    Start a new browser: chrome, Spend 2.655151844024658 seconds
2019-09-19 22:09:34,729 - root - INFO - SUCCESS    Set browser window maximized, Spend 1.1500658988952637 seconds
2019-09-19 22:09:35,491 - root - INFO - SUCCESS    Navigated to http://www.baidu.com, Spend 0.7470428943634033 seconds
2019-09-19 22:09:35,643 - root - INFO - SUCCESS    Clear and type element: <id->kw> content: webdriver, Spend 0.15100860595703125 seconds
2019-09-19 22:09:35,717 - root - INFO - SUCCESS    Clicked element: <id->su>, Spend 0.07100391387939453 seconds
2019-09-19 22:09:37,734 - root - INFO - SUCCESS    Get current window title, Spend 0.014000892639160156 seconds
2019-09-19 22:09:37,982 - root - INFO - SUCCESS    Navigated to http://www.baidu.com, Spend 0.24501395225524902 seconds
2019-09-19 22:09:38,091 - root - INFO - SUCCESS    Clear and type element: <id->kw> content: selenium, Spend 0.10700631141662598 seconds
2019-09-19 22:09:38,140 - root - INFO - SUCCESS    Clicked element: <id->su>, Spend 0.04800271987915039 seconds
2019-09-19 22:09:40,155 - root - INFO - SUCCESS    Get current window title, Spend 0.013000726699829102 seconds
2019-09-19 22:09:40,379 - root - INFO - SUCCESS    Navigated to http://www.baidu.com, Spend 0.22101235389709473 seconds
2019-09-19 22:09:40,478 - root - INFO - SUCCESS    Clear and type element: <id->kw> content: github, Spend 0.09800553321838379 seconds
2019-09-19 22:09:40,546 - root - INFO - SUCCESS    Clicked element: <id->su>, Spend 0.06700396537780762 seconds
2019-09-19 22:09:42,551 - root - INFO - SUCCESS    Get current window title, Spend 0.004000186920166016 seconds
2019-09-19 22:09:42,754 - root - INFO - SUCCESS    Navigated to http://www.baidu.com, Spend 0.2020115852355957 seconds
2019-09-19 22:09:42,887 - root - INFO - SUCCESS    Clear and type element: <id->kw> content: 小石头tester, Spend 0.13100743293762207 seconds
2019-09-19 22:09:42,948 - root - INFO - SUCCESS    Clicked element: <id->su>, Spend 0.06000351905822754 seconds
2019-09-19 22:09:44,964 - root - INFO - SUCCESS    Get current window title, Spend 0.013000726699829102 seconds
2019-09-19 22:09:47,208 - root - INFO - ###############################  End  ###############################
2019-09-19 22:11:54,420 - root - INFO - ############################### START ###############################
2019-09-19 22:11:56,972 - root - INFO - SUCCESS    Start a new browser: chrome, Spend 2.5511457920074463 seconds
2019-09-19 22:11:58,107 - root - INFO - SUCCESS    Set browser window maximized, Spend 1.1330647468566895 seconds
2019-09-19 22:11:58,825 - root - INFO - SUCCESS    Navigated to http://www.baidu.com, Spend 0.7170412540435791 seconds
2019-09-19 22:11:58,984 - root - INFO - SUCCESS    Clear and type element: <id->kw> content: 小石头tester, Spend 0.15900921821594238 seconds
2019-09-19 22:11:59,047 - root - INFO - SUCCESS    Clicked element: <id->su>, Spend 0.06100344657897949 seconds
2019-09-19 22:12:05,409 - root - INFO - SUCCESS    Get current window title, Spend 0.007000446319580078 seconds
2019-09-19 22:12:07,623 - root - INFO - ###############################  End  ###############################
2019-09-19 22:12:07,624 - root - INFO - ############################### START ###############################
2019-09-19 22:12:10,226 - root - INFO - SUCCESS    Start a new browser: chrome, Spend 2.6001486778259277 seconds
2019-09-19 22:12:11,354 - root - INFO - SUCCESS    Set browser window maximized, Spend 1.1270647048950195 seconds
2019-09-19 22:12:12,088 - root - INFO - SUCCESS    Navigated to http://www.baidu.com, Spend 0.7070403099060059 seconds
2019-09-19 22:12:12,230 - root - INFO - SUCCESS    Clear and type element: <id->kw> content: webdriver, Spend 0.14000797271728516 seconds
2019-09-19 22:12:12,292 - root - INFO - SUCCESS    Clicked element: <id->su>, Spend 0.06100344657897949 seconds
2019-09-19 22:12:14,303 - root - INFO - SUCCESS    Get current window title, Spend 0.008000373840332031 seconds
2019-09-19 22:12:14,530 - root - INFO - SUCCESS    Navigated to http://www.baidu.com, Spend 0.22501301765441895 seconds
2019-09-19 22:12:14,641 - root - INFO - SUCCESS    Clear and type element: <id->kw> content: selenium, Spend 0.11000633239746094 seconds
2019-09-19 22:12:14,710 - root - INFO - SUCCESS    Clicked element: <id->su>, Spend 0.06700372695922852 seconds
2019-09-19 22:12:16,718 - root - INFO - SUCCESS    Get current window title, Spend 0.00700068473815918 seconds
2019-09-19 22:12:18,919 - root - INFO - ###############################  End  ###############################
2019-09-19 22:17:40,521 - root - INFO - ############################### START ###############################
2019-09-19 22:17:43,106 - root - INFO - SUCCESS    Start a new browser: chrome, Spend 2.5841476917266846 seconds
2019-09-19 22:17:44,222 - root - INFO - SUCCESS    Set browser window maximized, Spend 1.1150636672973633 seconds
2019-09-19 22:17:44,993 - root - INFO - SUCCESS    Navigated to http://www.baidu.com, Spend 0.7690439224243164 seconds
2019-09-19 22:17:45,176 - root - INFO - SUCCESS    Clear and type element: <id->kw> content: 小石头tester, Spend 0.18201065063476562 seconds
2019-09-19 22:17:45,237 - root - INFO - SUCCESS    Clicked element: <id->su>, Spend 0.059003353118896484 seconds
2019-09-19 22:17:51,591 - root - INFO - SUCCESS    Get current window title, Spend 0.003000020980834961 seconds
2019-09-19 22:17:53,803 - root - INFO - ###############################  End  ###############################
2019-09-19 22:17:53,804 - root - INFO - ############################### START ###############################
2019-09-19 22:17:56,402 - root - INFO - SUCCESS    Start a new browser: chrome, Spend 2.5961484909057617 seconds
2019-09-19 22:17:57,533 - root - INFO - SUCCESS    Set browser window maximized, Spend 1.1310648918151855 seconds
2019-09-19 22:17:58,134 - root - INFO - SUCCESS    Navigated to http://www.baidu.com, Spend 0.5900335311889648 seconds
2019-09-19 22:17:58,298 - root - INFO - SUCCESS    Clear and type element: <id->kw> content: webdriver, Spend 0.1630094051361084 seconds
2019-09-19 22:17:58,355 - root - INFO - SUCCESS    Clicked element: <id->su>, Spend 0.05500316619873047 seconds
2019-09-19 22:18:00,360 - root - INFO - SUCCESS    Get current window title, Spend 0.004000186920166016 seconds
2019-09-19 22:18:00,528 - root - INFO - SUCCESS    Navigated to http://www.baidu.com, Spend 0.16700959205627441 seconds
2019-09-19 22:18:00,648 - root - INFO - SUCCESS    Clear and type element: <id->kw> content: selenium, Spend 0.11800694465637207 seconds
2019-09-19 22:18:00,704 - root - INFO - SUCCESS    Clicked element: <id->su>, Spend 0.054003000259399414 seconds
2019-09-19 22:18:02,710 - root - INFO - SUCCESS    Get current window title, Spend 0.004000425338745117 seconds
2019-09-19 22:18:02,845 - root - INFO - SUCCESS    Navigated to http://www.baidu.com, Spend 0.13300752639770508 seconds
2019-09-19 22:18:02,967 - root - INFO - SUCCESS    Clear and type element: <id->kw> content: github, Spend 0.12000703811645508 seconds
2019-09-19 22:18:03,021 - root - INFO - SUCCESS    Clicked element: <id->su>, Spend 0.054003000259399414 seconds
2019-09-19 22:18:05,026 - root - INFO - SUCCESS    Get current window title, Spend 0.004000186920166016 seconds
2019-09-19 22:18:05,184 - root - INFO - SUCCESS    Navigated to http://www.baidu.com, Spend 0.15600895881652832 seconds
2019-09-19 22:18:05,341 - root - INFO - SUCCESS    Clear and type element: <id->kw> content: 小石头tester, Spend 0.15700888633728027 seconds
2019-09-19 22:18:05,411 - root - INFO - SUCCESS    Clicked element: <id->su>, Spend 0.06800413131713867 seconds
2019-09-19 22:18:07,416 - root - INFO - SUCCESS    Get current window title, Spend 0.004000186920166016 seconds
2019-09-19 22:18:09,644 - root - INFO - ###############################  End  ###############################
2019-09-19 22:54:49,020 - root - INFO - ############################### START ###############################
2019-09-19 22:54:51,727 - root - INFO - SUCCESS    Start a new browser: chrome, Spend 2.7051546573638916 seconds
2019-09-19 22:54:52,856 - root - INFO - SUCCESS    Set browser window maximized, Spend 1.1280646324157715 seconds
2019-09-19 22:54:53,540 - root - INFO - SUCCESS    Navigated to http://www.baidu.com, Spend 0.6830389499664307 seconds
2019-09-19 22:54:53,689 - root - INFO - SUCCESS    Clear and type element: <id->kw> content: 小石头tester, Spend 0.14900851249694824 seconds
2019-09-19 22:54:53,745 - root - INFO - SUCCESS    Clicked element: <id->su>, Spend 0.05400276184082031 seconds
2019-09-19 22:55:00,213 - root - INFO - SUCCESS    Get current window title, Spend 0.009000301361083984 seconds
2019-09-19 22:55:02,438 - root - INFO - ###############################  End  ###############################
2019-09-19 22:55:02,441 - root - INFO - ############################### START ###############################
2019-09-19 22:55:05,101 - root - INFO - SUCCESS    Start a new browser: chrome, Spend 2.6561520099639893 seconds
2019-09-19 22:55:06,225 - root - INFO - SUCCESS    Set browser window maximized, Spend 1.1220641136169434 seconds
2019-09-19 22:55:06,988 - root - INFO - SUCCESS    Navigated to http://www.baidu.com, Spend 0.7520430088043213 seconds
2019-09-19 22:55:07,138 - root - INFO - SUCCESS    Clear and type element: <id->kw> content: webdriver, Spend 0.1500084400177002 seconds
2019-09-19 22:55:07,214 - root - INFO - SUCCESS    Clicked element: <id->su>, Spend 0.0740041732788086 seconds
2019-09-19 22:55:09,230 - root - INFO - SUCCESS    Get current window title, Spend 0.014000415802001953 seconds
2019-09-19 22:55:09,482 - root - INFO - SUCCESS    Navigated to http://www.baidu.com, Spend 0.24901413917541504 seconds
2019-09-19 22:55:09,595 - root - INFO - SUCCESS    Clear and type element: <id->kw> content: selenium, Spend 0.11200642585754395 seconds
2019-09-19 22:55:09,651 - root - INFO - SUCCESS    Clicked element: <id->su>, Spend 0.054003000259399414 seconds
2019-09-19 22:55:11,655 - root - INFO - SUCCESS    Get current window title, Spend 0.004000425338745117 seconds
2019-09-19 22:55:11,862 - root - INFO - SUCCESS    Navigated to http://www.baidu.com, Spend 0.20501160621643066 seconds
2019-09-19 22:55:11,963 - root - INFO - SUCCESS    Clear and type element: <id->kw> content: github, Spend 0.09900569915771484 seconds
2019-09-19 22:55:12,033 - root - INFO - SUCCESS    Clicked element: <id->su>, Spend 0.06900405883789062 seconds
2019-09-19 22:55:14,046 - root - INFO - SUCCESS    Get current window title, Spend 0.011000633239746094 seconds
2019-09-19 22:55:14,262 - root - INFO - SUCCESS    Navigated to http://www.baidu.com, Spend 0.2150120735168457 seconds
2019-09-19 22:55:14,381 - root - INFO - SUCCESS    Clear and type element: <id->kw> content: 小石头tester, Spend 0.11700677871704102 seconds
2019-09-19 22:55:14,449 - root - INFO - SUCCESS    Clicked element: <id->su>, Spend 0.06800365447998047 seconds
2019-09-19 22:55:16,464 - root - INFO - SUCCESS    Get current window title, Spend 0.012000799179077148 seconds
2019-09-19 22:55:18,695 - root - INFO - ###############################  End  ###############################
2019-09-19 22:59:04,005 - root - INFO - ############################### START ###############################
2019-09-19 22:59:06,628 - root - INFO - SUCCESS    Start a new browser: chrome, Spend 2.622150182723999 seconds
2019-09-19 22:59:07,779 - root - INFO - SUCCESS    Set browser window maximized, Spend 1.1480655670166016 seconds
2019-09-19 22:59:08,605 - root - INFO - SUCCESS    Navigated to http://www.baidu.com, Spend 0.8230471611022949 seconds
2019-09-19 22:59:08,766 - root - INFO - SUCCESS    Clear and type element: <id->kw> content: 小石头tester, Spend 0.15900897979736328 seconds
2019-09-19 22:59:08,836 - root - INFO - SUCCESS    Clicked element: <id->su>, Spend 0.06900405883789062 seconds
2019-09-19 22:59:11,354 - root - INFO - SUCCESS    Get current window title, Spend 0.014000654220581055 seconds
2019-09-19 22:59:13,575 - root - INFO - ###############################  End  ###############################
2019-09-19 23:03:24,389 - root - INFO - ############################### START ###############################
2019-09-19 23:03:27,033 - root - INFO - SUCCESS    Start a new browser: chrome, Spend 2.643151044845581 seconds
2019-09-19 23:03:28,162 - root - INFO - SUCCESS    Set browser window maximized, Spend 1.1260645389556885 seconds
2019-09-19 23:03:28,910 - root - INFO - SUCCESS    Navigated to http://www.baidu.com, Spend 0.7450423240661621 seconds
2019-09-19 23:03:29,097 - root - INFO - SUCCESS    Clear and type element: <id->kw> content: 小石头tester, Spend 0.18501043319702148 seconds
2019-09-19 23:03:29,168 - root - INFO - SUCCESS    Clicked element: <id->su>, Spend 0.06900405883789062 seconds
2019-09-19 23:03:31,703 - root - INFO - SUCCESS    Get current window title, Spend 0.005000114440917969 seconds
2019-09-19 23:03:33,904 - root - INFO - ###############################  End  ###############################
2019-09-19 23:06:12,935 - root - INFO - ############################### START ###############################
2019-09-19 23:06:15,542 - root - INFO - SUCCESS    Start a new browser: chrome, Spend 2.6061489582061768 seconds
2019-09-19 23:06:16,666 - root - INFO - SUCCESS    Set browser window maximized, Spend 1.1220641136169434 seconds
2019-09-19 23:06:17,504 - root - INFO - SUCCESS    Navigated to http://www.baidu.com, Spend 0.836047887802124 seconds
2019-09-19 23:06:17,667 - root - INFO - SUCCESS    Clear and type element: <id->kw> content: 小石头tester, Spend 0.1630091667175293 seconds
2019-09-19 23:06:17,726 - root - INFO - SUCCESS    Clicked element: <id->su>, Spend 0.05800318717956543 seconds
2019-09-19 23:06:20,276 - root - INFO - SUCCESS    Get current window title, Spend 0.01500082015991211 seconds
2019-09-19 23:06:22,507 - root - INFO - ###############################  End  ###############################
2019-09-19 23:08:43,597 - root - INFO - ############################### START ###############################
2019-09-19 23:08:46,184 - root - INFO - SUCCESS    Start a new browser: chrome, Spend 2.586148262023926 seconds
2019-09-19 23:08:47,324 - root - INFO - SUCCESS    Set browser window maximized, Spend 1.1380650997161865 seconds
2019-09-19 23:08:48,079 - root - INFO - SUCCESS    Navigated to http://www.baidu.com, Spend 0.7520430088043213 seconds
2019-09-19 23:08:48,250 - root - INFO - SUCCESS    Clear and type element: <id->kw> content: 小石头tester, Spend 0.16900968551635742 seconds
2019-09-19 23:08:48,318 - root - INFO - SUCCESS    Clicked element: <id->su>, Spend 0.06700372695922852 seconds
2019-09-19 23:08:50,866 - root - INFO - SUCCESS    Get current window title, Spend 0.014000892639160156 seconds
2019-09-19 23:08:53,100 - root - INFO - ###############################  End  ###############################
2019-09-19 23:15:46,997 - root - INFO - ############################### START ###############################
2019-09-19 23:15:49,607 - root - INFO - SUCCESS    Start a new browser: chrome, Spend 2.608149290084839 seconds
2019-09-19 23:15:50,768 - root - INFO - SUCCESS    Set browser window maximized, Spend 1.1570663452148438 seconds
2019-09-19 23:15:51,643 - root - INFO - SUCCESS    Navigated to http://www.baidu.com, Spend 0.8710501194000244 seconds
2019-09-19 23:15:51,849 - root - INFO - SUCCESS    Clear and type element: <id->kw> content: 小石头tester, Spend 0.2040116786956787 seconds
2019-09-19 23:15:51,914 - root - INFO - SUCCESS    Clicked element: <id->su>, Spend 0.06200385093688965 seconds
2019-09-19 23:15:54,455 - root - INFO - SUCCESS    Get current window title, Spend 0.01500082015991211 seconds
2019-09-19 23:15:56,683 - root - INFO - ###############################  End  ###############################
2019-09-19 23:16:54,497 - root - INFO - ############################### START ###############################
2019-09-19 23:16:57,044 - root - INFO - SUCCESS    Start a new browser: chrome, Spend 2.5441455841064453 seconds
2019-09-19 23:16:58,194 - root - INFO - SUCCESS    Set browser window maximized, Spend 1.1470656394958496 seconds
2019-09-19 23:16:58,917 - root - INFO - SUCCESS    Navigated to http://www.baidu.com, Spend 0.7200412750244141 seconds
2019-09-19 23:16:59,126 - root - INFO - SUCCESS    Clear and type element: <id->kw> content: 小石头tester, Spend 0.20801210403442383 seconds
2019-09-19 23:16:59,197 - root - INFO - SUCCESS    Clicked element: <id->su>, Spend 0.06900382041931152 seconds
2019-09-19 23:17:01,745 - root - INFO - SUCCESS    Get current window title, Spend 0.014000892639160156 seconds
2019-09-19 23:17:03,965 - root - INFO - ###############################  End  ###############################
2019-09-19 23:17:46,779 - root - INFO - ############################### START ###############################
2019-09-19 23:17:49,434 - root - INFO - SUCCESS    Start a new browser: chrome, Spend 2.6521518230438232 seconds
2019-09-19 23:17:50,562 - root - INFO - SUCCESS    Set browser window maximized, Spend 1.1270642280578613 seconds
2019-09-19 23:17:51,293 - root - INFO - SUCCESS    Navigated to http://www.baidu.com, Spend 0.7270417213439941 seconds
2019-09-19 23:17:51,486 - root - INFO - SUCCESS    Clear and type element: <id->kw> content: 小石头tester, Spend 0.19201087951660156 seconds
2019-09-19 23:17:51,558 - root - INFO - SUCCESS    Clicked element: <id->su>, Spend 0.07000374794006348 seconds
2019-09-19 23:17:54,108 - root - INFO - SUCCESS    Get current window title, Spend 0.01500082015991211 seconds
2019-09-19 23:17:56,343 - root - INFO - ###############################  End  ###############################
2019-09-19 23:20:08,385 - root - INFO - ############################### START ###############################
2019-09-19 23:20:11,103 - root - INFO - SUCCESS    Start a new browser: chrome, Spend 2.716155529022217 seconds
2019-09-19 23:20:12,247 - root - INFO - SUCCESS    Set browser window maximized, Spend 1.1420652866363525 seconds
2019-09-19 23:20:12,887 - root - INFO - SUCCESS    Navigated to http://www.baidu.com, Spend 0.6380367279052734 seconds
2019-09-19 23:20:13,103 - root - INFO - SUCCESS    Clear and type element: <id->kw> content: 小石头tester, Spend 0.2130124568939209 seconds
2019-09-19 23:20:13,184 - root - INFO - SUCCESS    Clicked element: <id->su>, Spend 0.08000445365905762 seconds
2019-09-19 23:20:15,651 - root - INFO - SUCCESS    Get current window title, Spend 0.014000892639160156 seconds
2019-09-19 23:20:17,869 - root - INFO - ###############################  End  ###############################
2019-09-19 23:24:55,218 - root - INFO - ############################### START ###############################
2019-09-19 23:24:57,905 - root - INFO - SUCCESS    Start a new browser: chrome, Spend 2.6861534118652344 seconds
2019-09-19 23:24:59,053 - root - INFO - SUCCESS    Set browser window maximized, Spend 1.1450655460357666 seconds
2019-09-19 23:24:59,794 - root - INFO - SUCCESS    Navigated to http://www.baidu.com, Spend 0.7370421886444092 seconds
2019-09-19 23:24:59,990 - root - INFO - SUCCESS    Clear and type element: <id->kw> content: 小石头tester, Spend 0.19201087951660156 seconds
2019-09-19 23:25:00,054 - root - INFO - SUCCESS    Clicked element: <id->su>, Spend 0.06200385093688965 seconds
2019-09-19 23:25:02,581 - root - INFO - SUCCESS    Get current window title, Spend 0.014000654220581055 seconds
2019-09-19 23:25:04,792 - root - INFO - ###############################  End  ###############################
