2019-09-21 09:24:05,150 - root - INFO - ############################### START ###############################
2019-09-21 09:24:08,049 - root - INFO - SUCCESS    Start a new browser: chrome, Spend 2.8951659202575684 seconds
2019-09-21 09:24:09,188 - root - INFO - SUCCESS    Set browser window maximized, Spend 1.1350648403167725 seconds
2019-09-21 09:24:09,845 - root - INFO - SUCCESS    Navigated to http://www.baidu.com, Spend 0.6550374031066895 seconds
2019-09-21 09:24:10,012 - root - INFO - SUCCESS    Clear and type element: <id->kw> content: 小石头tester, Spend 0.1650094985961914 seconds
2019-09-21 09:24:10,071 - root - INFO - SUCCESS    Clicked element: <id->su>, Spend 0.05800318717956543 seconds
2019-09-21 09:24:12,424 - root - INFO - SUCCESS    Get current window title, Spend 0.006000041961669922 seconds
2019-09-21 09:24:14,555 - root - INFO - ###############################  End  ###############################
2019-09-21 09:25:39,308 - root - INFO - ############################### START ###############################
2019-09-21 09:25:42,191 - root - INFO - SUCCESS    Start a new browser: chrome, Spend 2.882164716720581 seconds
2019-09-21 09:25:43,311 - root - INFO - SUCCESS    Set browser window maximized, Spend 1.1190640926361084 seconds
2019-09-21 09:25:44,610 - root - INFO - SUCCESS    Navigated to http://www.baidu.com, Spend 1.29807448387146 seconds
2019-09-21 09:25:44,746 - root - INFO - SUCCESS    Clear and type element: <id->kw> content: 小石头tester, Spend 0.13500761985778809 seconds
2019-09-21 09:25:44,799 - root - INFO - SUCCESS    Clicked element: <id->su>, Spend 0.052002906799316406 seconds
2019-09-21 09:25:47,151 - root - INFO - SUCCESS    Get current window title, Spend 0.00500035285949707 seconds
2019-09-21 09:25:49,460 - root - INFO - ###############################  End  ###############################
2019-09-21 09:27:48,013 - root - INFO - ############################### START ###############################
2019-09-21 09:27:50,647 - root - INFO - SUCCESS    Start a new browser: chrome, Spend 2.633150815963745 seconds
2019-09-21 09:27:51,782 - root - INFO - SUCCESS    Set browser window maximized, Spend 1.1330647468566895 seconds
2019-09-21 09:27:52,525 - root - INFO - SUCCESS    Navigated to http://www.baidu.com, Spend 0.7390422821044922 seconds
2019-09-21 09:27:52,667 - root - INFO - SUCCESS    Clear and type element: <id->kw> content: 小石头tester, Spend 0.14000797271728516 seconds
2019-09-21 09:27:52,735 - root - INFO - SUCCESS    Clicked element: <id->su>, Spend 0.06700396537780762 seconds
2019-09-21 09:27:52,737 - root - INFO - SUCCESS    Set wait all element display in 2 seconds, Spend 0.0010001659393310547 seconds
2019-09-21 09:27:55,095 - root - INFO - SUCCESS    Get current window title, Spend 0.0030002593994140625 seconds
2019-09-21 09:27:57,274 - root - INFO - ###############################  End  ###############################
2019-09-21 09:28:42,994 - root - INFO - ############################### START ###############################
2019-09-21 09:28:45,704 - root - INFO - SUCCESS    Start a new browser: chrome, Spend 2.7091548442840576 seconds
2019-09-21 09:28:46,858 - root - INFO - SUCCESS    Set browser window maximized, Spend 1.1520659923553467 seconds
2019-09-21 09:28:47,704 - root - INFO - SUCCESS    Navigated to http://www.baidu.com, Spend 0.8450484275817871 seconds
2019-09-21 09:28:47,899 - root - INFO - SUCCESS    Clear and type element: <id->kw> content: 小石头tester, Spend 0.19401121139526367 seconds
2019-09-21 09:28:47,969 - root - INFO - SUCCESS    Clicked element: <id->su>, Spend 0.06800389289855957 seconds
2019-09-21 09:28:47,971 - root - INFO - SUCCESS    Set wait all element display in 4 seconds, Spend 0.0010001659393310547 seconds
2019-09-21 09:28:50,394 - root - INFO - SUCCESS    Get current window title, Spend 0.013000726699829102 seconds
2019-09-21 09:28:52,614 - root - INFO - ###############################  End  ###############################
2019-09-21 09:40:24,589 - root - INFO - ############################### START ###############################
2019-09-21 09:40:27,160 - root - INFO - SUCCESS    Start a new browser: chrome, Spend 2.5701467990875244 seconds
2019-09-21 09:40:28,279 - root - INFO - SUCCESS    Set browser window maximized, Spend 1.1180639266967773 seconds
2019-09-21 09:40:29,006 - root - INFO - SUCCESS    Navigated to http://www.baidu.com, Spend 0.725041389465332 seconds
2019-09-21 09:40:29,151 - root - INFO - SUCCESS    Clear and type element: <id->kw> content: 小石头tester, Spend 0.14300799369812012 seconds
2019-09-21 09:40:29,214 - root - INFO - SUCCESS    Clicked element: <id->su>, Spend 0.062003374099731445 seconds
2019-09-21 09:40:29,217 - root - INFO - SUCCESS    Set wait all element display in 4 seconds, Spend 0.002000093460083008 seconds
2019-09-21 09:40:31,723 - root - INFO - SUCCESS    Get current window title, Spend 0.013000726699829102 seconds
2019-09-21 09:40:34,016 - root - INFO - ###############################  End  ###############################
2019-09-21 09:58:44,508 - root - INFO - ############################### START ###############################
2019-09-21 09:58:47,219 - root - INFO - SUCCESS    Start a new browser: chrome, Spend 2.7091548442840576 seconds
2019-09-21 09:58:48,335 - root - INFO - SUCCESS    Set browser window maximized, Spend 1.1150639057159424 seconds
2019-09-21 09:58:49,034 - root - INFO - SUCCESS    Navigated to http://www.baidu.com, Spend 0.6980397701263428 seconds
2019-09-21 09:58:49,205 - root - INFO - SUCCESS    Clear and type element: <id->kw> content: 小石头tester, Spend 0.17000961303710938 seconds
2019-09-21 09:58:49,285 - root - INFO - SUCCESS    Clicked element: <id->su>, Spend 0.07800459861755371 seconds
2019-09-21 09:58:49,289 - root - INFO - SUCCESS    Set wait all element display in 4 seconds, Spend 0.0009999275207519531 seconds
2019-09-21 09:58:51,755 - root - INFO - SUCCESS    Get current window title, Spend 0.013000965118408203 seconds
2019-09-21 09:58:53,900 - root - INFO - ###############################  End  ###############################
2019-09-21 10:14:49,966 - root - INFO - ############################### START ###############################
2019-09-21 10:14:52,630 - root - INFO - SUCCESS    Start a new browser: chrome, Spend 2.662152051925659 seconds
2019-09-21 10:14:53,779 - root - INFO - SUCCESS    Set browser window maximized, Spend 1.1460652351379395 seconds
2019-09-21 10:14:54,611 - root - INFO - SUCCESS    Navigated to http://www.baidu.com, Spend 0.829047441482544 seconds
2019-09-21 10:14:54,806 - root - INFO - SUCCESS    Clear and type element: <id->kw> content: 小石头tester, Spend 0.19201111793518066 seconds
2019-09-21 10:14:54,876 - root - INFO - SUCCESS    Clicked element: <id->su>, Spend 0.06900405883789062 seconds
2019-09-21 10:14:57,300 - root - INFO - SUCCESS    Get current window title, Spend 0.013000726699829102 seconds
2019-09-21 10:14:59,458 - root - INFO - ###############################  End  ###############################
2019-09-21 10:14:59,461 - root - INFO - ############################### START ###############################
2019-09-21 10:15:02,086 - root - INFO - SUCCESS    Start a new browser: chrome, Spend 2.623149871826172 seconds
2019-09-21 10:15:03,226 - root - INFO - SUCCESS    Set browser window maximized, Spend 1.1390650272369385 seconds
2019-09-21 10:15:03,989 - root - INFO - SUCCESS    Navigated to http://www.baidu.com, Spend 0.7060403823852539 seconds
2019-09-21 10:15:04,134 - root - INFO - SUCCESS    Clear and type element: <id->kw> content: webdriver, Spend 0.14500808715820312 seconds
2019-09-21 10:15:04,209 - root - INFO - SUCCESS    Clicked element: <id->su>, Spend 0.07500457763671875 seconds
2019-09-21 10:15:06,595 - root - INFO - SUCCESS    Get current window title, Spend 0.004000425338745117 seconds
2019-09-21 10:15:06,820 - root - INFO - SUCCESS    Navigated to http://www.baidu.com, Spend 0.22301268577575684 seconds
2019-09-21 10:15:06,921 - root - INFO - SUCCESS    Clear and type element: <id->kw> content: selenium, Spend 0.10100579261779785 seconds
2019-09-21 10:15:06,967 - root - INFO - SUCCESS    Clicked element: <id->su>, Spend 0.044002532958984375 seconds
2019-09-21 10:15:09,405 - root - INFO - SUCCESS    Get current window title, Spend 0.003000497817993164 seconds
2019-09-21 10:15:09,594 - root - INFO - SUCCESS    Navigated to http://www.baidu.com, Spend 0.18801069259643555 seconds
2019-09-21 10:15:09,695 - root - INFO - SUCCESS    Clear and type element: <id->kw> content: github, Spend 0.10100579261779785 seconds
2019-09-21 10:15:09,753 - root - INFO - SUCCESS    Clicked element: <id->su>, Spend 0.05600309371948242 seconds
2019-09-21 10:15:12,156 - root - INFO - SUCCESS    Get current window title, Spend 0.004000425338745117 seconds
2019-09-21 10:15:12,337 - root - INFO - SUCCESS    Navigated to http://www.baidu.com, Spend 0.18101024627685547 seconds
2019-09-21 10:15:12,458 - root - INFO - SUCCESS    Clear and type element: <id->kw> content: 小石头tester, Spend 0.11900687217712402 seconds
2019-09-21 10:15:12,517 - root - INFO - SUCCESS    Clicked element: <id->su>, Spend 0.05900311470031738 seconds
2019-09-21 10:15:14,864 - root - INFO - SUCCESS    Get current window title, Spend 0.0030002593994140625 seconds
2019-09-21 10:15:17,045 - root - INFO - ###############################  End  ###############################
2019-09-21 10:24:53,185 - root - INFO - ############################### START ###############################
2019-09-21 10:24:55,802 - root - INFO - SUCCESS    Start a new browser: chrome, Spend 2.61614990234375 seconds
2019-09-21 10:24:56,942 - root - INFO - SUCCESS    Set browser window maximized, Spend 1.1380650997161865 seconds
2019-09-21 10:24:57,648 - root - INFO - SUCCESS    Navigated to http://www.baidu.com, Spend 0.703040361404419 seconds
2019-09-21 10:24:57,818 - root - INFO - SUCCESS    Clear and type element: <id->kw> content: 小石头tester, Spend 0.16800975799560547 seconds
2019-09-21 10:24:57,875 - root - INFO - SUCCESS    Clicked element: <id->su>, Spend 0.05700325965881348 seconds
2019-09-21 10:25:00,315 - root - INFO - SUCCESS    Get current window title, Spend 0.004000425338745117 seconds
2019-09-21 10:25:02,478 - root - INFO - ###############################  End  ###############################
2019-09-21 10:25:02,481 - root - INFO - ############################### START ###############################
2019-09-21 10:25:05,052 - root - INFO - SUCCESS    Start a new browser: chrome, Spend 2.5701472759246826 seconds
2019-09-21 10:25:06,191 - root - INFO - SUCCESS    Set browser window maximized, Spend 1.1370649337768555 seconds
2019-09-21 10:25:06,897 - root - INFO - SUCCESS    Navigated to http://www.baidu.com, Spend 0.6830394268035889 seconds
2019-09-21 10:25:07,040 - root - INFO - SUCCESS    Clear and type element: <id->kw> content: webdriver, Spend 0.14300823211669922 seconds
2019-09-21 10:25:07,097 - root - INFO - SUCCESS    Clicked element: <id->su>, Spend 0.05500316619873047 seconds
2019-09-21 10:25:09,463 - root - INFO - SUCCESS    Get current window title, Spend 0.004000186920166016 seconds
2019-09-21 10:25:09,650 - root - INFO - SUCCESS    Navigated to http://www.baidu.com, Spend 0.18601059913635254 seconds
2019-09-21 10:25:09,773 - root - INFO - SUCCESS    Clear and type element: <id->kw> content: selenium, Spend 0.12300682067871094 seconds
2019-09-21 10:25:09,822 - root - INFO - SUCCESS    Clicked element: <id->su>, Spend 0.04800295829772949 seconds
2019-09-21 10:25:12,183 - root - INFO - SUCCESS    Get current window title, Spend 0.0030002593994140625 seconds
2019-09-21 10:25:12,363 - root - INFO - SUCCESS    Navigated to http://www.baidu.com, Spend 0.17901039123535156 seconds
2019-09-21 10:25:12,460 - root - INFO - SUCCESS    Clear and type element: <id->kw> content: github, Spend 0.09700560569763184 seconds
2019-09-21 10:25:12,513 - root - INFO - SUCCESS    Clicked element: <id->su>, Spend 0.052002668380737305 seconds
2019-09-21 10:25:14,852 - root - INFO - SUCCESS    Get current window title, Spend 0.004000186920166016 seconds
2019-09-21 10:25:15,047 - root - INFO - SUCCESS    Navigated to http://www.baidu.com, Spend 0.19501113891601562 seconds
2019-09-21 10:25:15,193 - root - INFO - SUCCESS    Clear and type element: <id->kw> content: 小石头tester, Spend 0.14600825309753418 seconds
2019-09-21 10:25:15,255 - root - INFO - SUCCESS    Clicked element: <id->su>, Spend 0.06100320816040039 seconds
2019-09-21 10:25:17,668 - root - INFO - SUCCESS    Get current window title, Spend 0.003999948501586914 seconds
2019-09-21 10:25:19,851 - root - INFO - ###############################  End  ###############################
2019-09-21 10:29:26,733 - root - INFO - ############################### START ###############################
2019-09-21 10:29:26,733 - root - INFO - SUCCESS    Start a new browser: , Spend 0.0 seconds
2019-09-21 10:29:26,735 - root - INFO - ############################### START ###############################
2019-09-21 10:29:26,736 - root - INFO - SUCCESS    Start a new browser: , Spend 0.0 seconds
2019-09-21 10:33:53,343 - root - INFO - ############################### START ###############################
2019-09-21 10:33:55,957 - root - INFO - SUCCESS    Start a new browser: chrome, Spend 2.613149404525757 seconds
2019-09-21 10:33:57,096 - root - INFO - SUCCESS    Set browser window maximized, Spend 1.1370651721954346 seconds
2019-09-21 10:33:57,811 - root - INFO - SUCCESS    Navigated to http://www.baidu.com, Spend 0.7140407562255859 seconds
2019-09-21 10:33:57,959 - root - INFO - SUCCESS    Clear and type element: <id->kw> content: 小石头tester, Spend 0.1480085849761963 seconds
2019-09-21 10:33:58,035 - root - INFO - SUCCESS    Clicked element: <id->su>, Spend 0.07500433921813965 seconds
2019-09-21 10:34:00,388 - root - INFO - SUCCESS    Get current window title, Spend 0.004000186920166016 seconds
2019-09-21 10:34:02,593 - root - INFO - ###############################  End  ###############################
2019-09-21 10:34:02,596 - root - INFO - ############################### START ###############################
2019-09-21 10:34:05,247 - root - INFO - SUCCESS    Start a new browser: chrome, Spend 2.64915132522583 seconds
2019-09-21 10:34:06,392 - root - INFO - SUCCESS    Set browser window maximized, Spend 1.1430652141571045 seconds
2019-09-21 10:34:07,098 - root - INFO - SUCCESS    Navigated to http://www.baidu.com, Spend 0.6730384826660156 seconds
2019-09-21 10:34:07,244 - root - INFO - SUCCESS    Clear and type element: <id->kw> content: webdriver, Spend 0.14600825309753418 seconds
2019-09-21 10:34:07,315 - root - INFO - SUCCESS    Clicked element: <id->su>, Spend 0.07000398635864258 seconds
2019-09-21 10:34:09,691 - root - INFO - SUCCESS    Get current window title, Spend 0.004000425338745117 seconds
2019-09-21 10:34:09,897 - root - INFO - SUCCESS    Navigated to http://www.baidu.com, Spend 0.20501160621643066 seconds
2019-09-21 10:34:10,016 - root - INFO - SUCCESS    Clear and type element: <id->kw> content: selenium, Spend 0.11800694465637207 seconds
2019-09-21 10:34:10,077 - root - INFO - SUCCESS    Clicked element: <id->su>, Spend 0.06000328063964844 seconds
2019-09-21 10:34:12,496 - root - INFO - SUCCESS    Get current window title, Spend 0.004000186920166016 seconds
2019-09-21 10:34:12,681 - root - INFO - SUCCESS    Navigated to http://www.baidu.com, Spend 0.18401050567626953 seconds
2019-09-21 10:34:12,783 - root - INFO - SUCCESS    Clear and type element: <id->kw> content: github, Spend 0.10100579261779785 seconds
2019-09-21 10:34:12,829 - root - INFO - SUCCESS    Clicked element: <id->su>, Spend 0.04500246047973633 seconds
2019-09-21 10:34:15,203 - root - INFO - SUCCESS    Get current window title, Spend 0.003999948501586914 seconds
2019-09-21 10:34:15,383 - root - INFO - SUCCESS    Navigated to http://www.baidu.com, Spend 0.17901039123535156 seconds
2019-09-21 10:34:15,508 - root - INFO - SUCCESS    Clear and type element: <id->kw> content: 小石头tester, Spend 0.12500715255737305 seconds
2019-09-21 10:34:15,556 - root - INFO - SUCCESS    Clicked element: <id->su>, Spend 0.04700279235839844 seconds
2019-09-21 10:34:17,907 - root - INFO - SUCCESS    Get current window title, Spend 0.004000425338745117 seconds
2019-09-21 10:34:20,089 - root - INFO - ###############################  End  ###############################
2019-09-21 10:34:20,092 - root - INFO - ############################### START ###############################
2019-09-21 10:34:22,802 - root - INFO - SUCCESS    Start a new browser: chrome, Spend 2.7091548442840576 seconds
2019-09-21 10:34:23,963 - root - INFO - SUCCESS    Set browser window maximized, Spend 1.1580660343170166 seconds
2019-09-21 10:34:24,655 - root - INFO - SUCCESS    Navigated to http://www.baidu.com, Spend 0.6890392303466797 seconds
2019-09-21 10:34:24,815 - root - INFO - SUCCESS    Clear and type element: <id->kw> content: 小石头tester, Spend 0.15900921821594238 seconds
2019-09-21 10:34:24,881 - root - INFO - SUCCESS    Clicked element: <id->su>, Spend 0.06500363349914551 seconds
2019-09-21 10:34:27,265 - root - INFO - SUCCESS    Get current window title, Spend 0.004000186920166016 seconds
2019-09-21 10:34:29,429 - root - INFO - ###############################  End  ###############################
2019-09-21 10:34:29,432 - root - INFO - ############################### START ###############################
2019-09-21 10:34:32,126 - root - INFO - SUCCESS    Start a new browser: chrome, Spend 2.6931540966033936 seconds
2019-09-21 10:34:33,247 - root - INFO - SUCCESS    Set browser window maximized, Spend 1.1200640201568604 seconds
2019-09-21 10:34:33,953 - root - INFO - SUCCESS    Navigated to http://www.baidu.com, Spend 0.7000398635864258 seconds
2019-09-21 10:34:34,123 - root - INFO - SUCCESS    Clear and type element: <id->kw> content: webdriver, Spend 0.16900968551635742 seconds
2019-09-21 10:34:34,181 - root - INFO - SUCCESS    Clicked element: <id->su>, Spend 0.057003021240234375 seconds
2019-09-21 10:34:36,554 - root - INFO - SUCCESS    Get current window title, Spend 0.004000425338745117 seconds
2019-09-21 10:34:36,783 - root - INFO - SUCCESS    Navigated to http://www.baidu.com, Spend 0.2280130386352539 seconds
2019-09-21 10:34:36,905 - root - INFO - SUCCESS    Clear and type element: <id->kw> content: selenium, Spend 0.12100672721862793 seconds
2019-09-21 10:34:36,964 - root - INFO - SUCCESS    Clicked element: <id->su>, Spend 0.059003353118896484 seconds
2019-09-21 10:34:39,376 - root - INFO - SUCCESS    Get current window title, Spend 0.004000425338745117 seconds
2019-09-21 10:34:39,563 - root - INFO - SUCCESS    Navigated to http://www.baidu.com, Spend 0.18501067161560059 seconds
2019-09-21 10:34:39,661 - root - INFO - SUCCESS    Clear and type element: <id->kw> content: github, Spend 0.09800553321838379 seconds
2019-09-21 10:34:39,709 - root - INFO - SUCCESS    Clicked element: <id->su>, Spend 0.04600238800048828 seconds
2019-09-21 10:34:42,112 - root - INFO - SUCCESS    Get current window title, Spend 0.004000425338745117 seconds
2019-09-21 10:34:42,301 - root - INFO - SUCCESS    Navigated to http://www.baidu.com, Spend 0.18801069259643555 seconds
2019-09-21 10:34:42,426 - root - INFO - SUCCESS    Clear and type element: <id->kw> content: 小石头tester, Spend 0.1240072250366211 seconds
2019-09-21 10:34:42,475 - root - INFO - SUCCESS    Clicked element: <id->su>, Spend 0.04800271987915039 seconds
2019-09-21 10:34:44,880 - root - INFO - SUCCESS    Get current window title, Spend 0.0030002593994140625 seconds
2019-09-21 10:34:47,068 - root - INFO - ###############################  End  ###############################
2019-09-21 10:38:38,576 - root - INFO - ############################### START ###############################
2019-09-21 10:38:41,194 - root - INFO - SUCCESS    Start a new browser: chrome, Spend 2.618149518966675 seconds
2019-09-21 10:38:42,317 - root - INFO - SUCCESS    Set browser window maximized, Spend 1.1210641860961914 seconds
2019-09-21 10:38:42,974 - root - INFO - SUCCESS    Navigated to http://www.baidu.com, Spend 0.6570377349853516 seconds
2019-09-21 10:38:43,124 - root - INFO - SUCCESS    Clear and type element: <id->kw> content: 小石头tester, Spend 0.1480083465576172 seconds
2019-09-21 10:38:43,197 - root - INFO - SUCCESS    Clicked element: <id->su>, Spend 0.07200407981872559 seconds
2019-09-21 10:38:45,538 - root - INFO - Take screenshot: 20190921103845, Spend 0.34001922607421875 seconds
2019-09-21 10:38:45,542 - root - INFO - SUCCESS    Get current window title, Spend 0.004000425338745117 seconds
2019-09-21 10:38:47,704 - root - INFO - ###############################  End  ###############################
2019-09-21 10:38:47,707 - root - INFO - ############################### START ###############################
2019-09-21 10:38:50,393 - root - INFO - SUCCESS    Start a new browser: chrome, Spend 2.6841535568237305 seconds
2019-09-21 10:38:51,531 - root - INFO - SUCCESS    Set browser window maximized, Spend 1.1370654106140137 seconds
2019-09-21 10:38:52,105 - root - INFO - SUCCESS    Navigated to http://www.baidu.com, Spend 0.5560317039489746 seconds
2019-09-21 10:38:52,254 - root - INFO - SUCCESS    Clear and type element: <id->kw> content: webdriver, Spend 0.1480085849761963 seconds
2019-09-21 10:38:52,322 - root - INFO - SUCCESS    Clicked element: <id->su>, Spend 0.06800365447998047 seconds
2019-09-21 10:38:54,673 - root - INFO - Take screenshot: 20190921103854, Spend 0.350020170211792 seconds
2019-09-21 10:38:54,678 - root - INFO - SUCCESS    Get current window title, Spend 0.003000020980834961 seconds
2019-09-21 10:38:54,845 - root - INFO - SUCCESS    Navigated to http://www.baidu.com, Spend 0.16700959205627441 seconds
2019-09-21 10:38:54,956 - root - INFO - SUCCESS    Clear and type element: <id->kw> content: selenium, Spend 0.11000609397888184 seconds
2019-09-21 10:38:55,016 - root - INFO - SUCCESS    Clicked element: <id->su>, Spend 0.06000351905822754 seconds
2019-09-21 10:38:57,405 - root - INFO - Take screenshot: 20190921103857, Spend 0.3870222568511963 seconds
2019-09-21 10:38:57,409 - root - INFO - SUCCESS    Get current window title, Spend 0.004000186920166016 seconds
2019-09-21 10:38:57,534 - root - INFO - SUCCESS    Navigated to http://www.baidu.com, Spend 0.1240072250366211 seconds
2019-09-21 10:38:57,631 - root - INFO - SUCCESS    Clear and type element: <id->kw> content: github, Spend 0.09700560569763184 seconds
2019-09-21 10:38:57,702 - root - INFO - SUCCESS    Clicked element: <id->su>, Spend 0.07000398635864258 seconds
2019-09-21 10:39:00,103 - root - INFO - Take screenshot: 20190921103859, Spend 0.39902281761169434 seconds
2019-09-21 10:39:00,107 - root - INFO - SUCCESS    Get current window title, Spend 0.004000186920166016 seconds
2019-09-21 10:39:00,262 - root - INFO - SUCCESS    Navigated to http://www.baidu.com, Spend 0.15500903129577637 seconds
2019-09-21 10:39:00,387 - root - INFO - SUCCESS    Clear and type element: <id->kw> content: 小石头tester, Spend 0.12500715255737305 seconds
2019-09-21 10:39:00,449 - root - INFO - SUCCESS    Clicked element: <id->su>, Spend 0.06000351905822754 seconds
2019-09-21 10:39:02,833 - root - INFO - Take screenshot: 20190921103902, Spend 0.38302183151245117 seconds
2019-09-21 10:39:02,837 - root - INFO - SUCCESS    Get current window title, Spend 0.003999948501586914 seconds
2019-09-21 10:39:05,010 - root - INFO - ###############################  End  ###############################
2019-09-21 10:39:05,013 - root - INFO - ############################### START ###############################
2019-09-21 10:39:07,652 - root - INFO - SUCCESS    Start a new browser: chrome, Spend 2.63615083694458 seconds
2019-09-21 10:39:08,778 - root - INFO - SUCCESS    Set browser window maximized, Spend 1.1240644454956055 seconds
2019-09-21 10:39:09,542 - root - INFO - SUCCESS    Navigated to http://www.baidu.com, Spend 0.7630436420440674 seconds
2019-09-21 10:39:09,686 - root - INFO - SUCCESS    Clear and type element: <id->kw> content: 小石头tester, Spend 0.14400815963745117 seconds
2019-09-21 10:39:09,747 - root - INFO - SUCCESS    Clicked element: <id->su>, Spend 0.06000351905822754 seconds
2019-09-21 10:39:12,090 - root - INFO - Take screenshot: 20190921103911, Spend 0.343019962310791 seconds
2019-09-21 10:39:12,095 - root - INFO - SUCCESS    Get current window title, Spend 0.004000186920166016 seconds
2019-09-21 10:39:14,228 - root - INFO - ###############################  End  ###############################
2019-09-21 10:39:14,231 - root - INFO - ############################### START ###############################
2019-09-21 10:39:16,834 - root - INFO - SUCCESS    Start a new browser: chrome, Spend 2.601149082183838 seconds
2019-09-21 10:39:17,984 - root - INFO - SUCCESS    Set browser window maximized, Spend 1.1480658054351807 seconds
2019-09-21 10:39:18,656 - root - INFO - SUCCESS    Navigated to http://www.baidu.com, Spend 0.6600377559661865 seconds
2019-09-21 10:39:18,837 - root - INFO - SUCCESS    Clear and type element: <id->kw> content: webdriver, Spend 0.18001031875610352 seconds
2019-09-21 10:39:18,897 - root - INFO - SUCCESS    Clicked element: <id->su>, Spend 0.05800342559814453 seconds
2019-09-21 10:39:21,252 - root - INFO - Take screenshot: 20190921103920, Spend 0.35502028465270996 seconds
2019-09-21 10:39:21,257 - root - INFO - SUCCESS    Get current window title, Spend 0.005000591278076172 seconds
2019-09-21 10:39:21,425 - root - INFO - SUCCESS    Navigated to http://www.baidu.com, Spend 0.16600942611694336 seconds
2019-09-21 10:39:21,537 - root - INFO - SUCCESS    Clear and type element: <id->kw> content: selenium, Spend 0.11200642585754395 seconds
2019-09-21 10:39:21,594 - root - INFO - SUCCESS    Clicked element: <id->su>, Spend 0.05600333213806152 seconds
2019-09-21 10:39:24,013 - root - INFO - Take screenshot: 20190921103923, Spend 0.4190242290496826 seconds
2019-09-21 10:39:24,018 - root - INFO - SUCCESS    Get current window title, Spend 0.004000186920166016 seconds
2019-09-21 10:39:24,242 - root - INFO - SUCCESS    Navigated to http://www.baidu.com, Spend 0.22301292419433594 seconds
2019-09-21 10:39:24,343 - root - INFO - SUCCESS    Clear and type element: <id->kw> content: github, Spend 0.1000058650970459 seconds
2019-09-21 10:39:24,389 - root - INFO - SUCCESS    Clicked element: <id->su>, Spend 0.04600262641906738 seconds
2019-09-21 10:39:26,784 - root - INFO - Take screenshot: 20190921103926, Spend 0.3930225372314453 seconds
2019-09-21 10:39:26,789 - root - INFO - SUCCESS    Get current window title, Spend 0.003000020980834961 seconds
2019-09-21 10:39:26,928 - root - INFO - SUCCESS    Navigated to http://www.baidu.com, Spend 0.1390080451965332 seconds
2019-09-21 10:39:27,048 - root - INFO - SUCCESS    Clear and type element: <id->kw> content: 小石头tester, Spend 0.11900687217712402 seconds
2019-09-21 10:39:27,111 - root - INFO - SUCCESS    Clicked element: <id->su>, Spend 0.0630035400390625 seconds
2019-09-21 10:39:29,572 - root - INFO - Take screenshot: 20190921103929, Spend 0.46002650260925293 seconds
2019-09-21 10:39:29,576 - root - INFO - SUCCESS    Get current window title, Spend 0.004000186920166016 seconds
2019-09-21 10:39:31,766 - root - INFO - ###############################  End  ###############################
2019-09-21 10:40:23,931 - root - INFO - ############################### START ###############################
2019-09-21 10:40:26,555 - root - INFO - SUCCESS    Start a new browser: chrome, Spend 2.62214994430542 seconds
2019-09-21 10:40:27,678 - root - INFO - SUCCESS    Set browser window maximized, Spend 1.1230642795562744 seconds
2019-09-21 10:40:28,406 - root - INFO - SUCCESS    Navigated to http://www.baidu.com, Spend 0.726041316986084 seconds
2019-09-21 10:40:28,812 - root - INFO - SUCCESS    Clear and type element: <id->kw> content: 小石头tester, Spend 0.40502309799194336 seconds
2019-09-21 10:40:28,890 - root - INFO - SUCCESS    Clicked element: <id->su>, Spend 0.07700443267822266 seconds
2019-09-21 10:40:31,239 - root - INFO - Take screenshot: 20190921104030, Spend 0.34901976585388184 seconds
2019-09-21 10:40:31,245 - root - INFO - SUCCESS    Get current window title, Spend 0.005000591278076172 seconds
2019-09-21 10:40:33,405 - root - INFO - ###############################  End  ###############################
2019-09-21 10:40:33,408 - root - INFO - ############################### START ###############################
2019-09-21 10:40:36,046 - root - INFO - SUCCESS    Start a new browser: chrome, Spend 2.634150743484497 seconds
2019-09-21 10:40:37,198 - root - INFO - SUCCESS    Set browser window maximized, Spend 1.1520657539367676 seconds
2019-09-21 10:40:37,914 - root - INFO - SUCCESS    Navigated to http://www.baidu.com, Spend 0.6860394477844238 seconds
2019-09-21 10:40:38,064 - root - INFO - SUCCESS    Clear and type element: <id->kw> content: webdriver, Spend 0.1500084400177002 seconds
2019-09-21 10:40:38,137 - root - INFO - SUCCESS    Clicked element: <id->su>, Spend 0.07200407981872559 seconds
2019-09-21 10:40:40,571 - root - INFO - Take screenshot: 20190921104040, Spend 0.43302464485168457 seconds
2019-09-21 10:40:40,576 - root - INFO - SUCCESS    Get current window title, Spend 0.004000186920166016 seconds
2019-09-21 10:40:40,793 - root - INFO - SUCCESS    Navigated to http://www.baidu.com, Spend 0.21701264381408691 seconds
2019-09-21 10:40:40,903 - root - INFO - SUCCESS    Clear and type element: <id->kw> content: selenium, Spend 0.11000609397888184 seconds
2019-09-21 10:40:40,967 - root - INFO - SUCCESS    Clicked element: <id->su>, Spend 0.06200385093688965 seconds
2019-09-21 10:40:43,339 - root - INFO - Take screenshot: 20190921104042, Spend 0.3720211982727051 seconds
2019-09-21 10:40:43,343 - root - INFO - SUCCESS    Get current window title, Spend 0.003000020980834961 seconds
2019-09-21 10:40:43,524 - root - INFO - SUCCESS    Navigated to http://www.baidu.com, Spend 0.17901015281677246 seconds
2019-09-21 10:40:43,626 - root - INFO - SUCCESS    Clear and type element: <id->kw> content: github, Spend 0.1000058650970459 seconds
2019-09-21 10:40:43,680 - root - INFO - SUCCESS    Clicked element: <id->su>, Spend 0.054003238677978516 seconds
2019-09-21 10:40:46,073 - root - INFO - Take screenshot: 20190921104045, Spend 0.39202260971069336 seconds
2019-09-21 10:40:46,076 - root - INFO - SUCCESS    Get current window title, Spend 0.003000020980834961 seconds
2019-09-21 10:40:46,271 - root - INFO - SUCCESS    Navigated to http://www.baidu.com, Spend 0.19401121139526367 seconds
2019-09-21 10:40:46,388 - root - INFO - SUCCESS    Clear and type element: <id->kw> content: 小石头tester, Spend 0.1150064468383789 seconds
2019-09-21 10:40:46,448 - root - INFO - SUCCESS    Clicked element: <id->su>, Spend 0.059003353118896484 seconds
2019-09-21 10:40:48,840 - root - INFO - Take screenshot: 20190921104048, Spend 0.39202260971069336 seconds
2019-09-21 10:40:48,844 - root - INFO - SUCCESS    Get current window title, Spend 0.003000020980834961 seconds
2019-09-21 10:40:51,020 - root - INFO - ###############################  End  ###############################
2019-09-21 10:40:51,022 - root - INFO - ############################### START ###############################
2019-09-21 10:40:53,639 - root - INFO - SUCCESS    Start a new browser: chrome, Spend 2.61514949798584 seconds
2019-09-21 10:40:54,771 - root - INFO - SUCCESS    Set browser window maximized, Spend 1.1310646533966064 seconds
2019-09-21 10:40:55,391 - root - INFO - SUCCESS    Navigated to http://www.baidu.com, Spend 0.6190352439880371 seconds
2019-09-21 10:40:55,550 - root - INFO - SUCCESS    Clear and type element: <id->kw> content: 小石头tester, Spend 0.15700912475585938 seconds
2019-09-21 10:40:55,628 - root - INFO - SUCCESS    Clicked element: <id->su>, Spend 0.07700419425964355 seconds
2019-09-21 10:40:57,973 - root - INFO - Take screenshot: 20190921104057, Spend 0.34401965141296387 seconds
2019-09-21 10:40:57,977 - root - INFO - SUCCESS    Get current window title, Spend 0.004000425338745117 seconds
2019-09-21 10:41:00,158 - root - INFO - ###############################  End  ###############################
2019-09-21 10:41:00,159 - root - INFO - ############################### START ###############################
2019-09-21 10:41:02,760 - root - INFO - SUCCESS    Start a new browser: chrome, Spend 2.600148916244507 seconds
2019-09-21 10:41:03,882 - root - INFO - SUCCESS    Set browser window maximized, Spend 1.1210641860961914 seconds
2019-09-21 10:41:04,609 - root - INFO - SUCCESS    Navigated to http://www.baidu.com, Spend 0.723041296005249 seconds
2019-09-21 10:41:04,786 - root - INFO - SUCCESS    Clear and type element: <id->kw> content: webdriver, Spend 0.1760098934173584 seconds
2019-09-21 10:41:04,860 - root - INFO - SUCCESS    Clicked element: <id->su>, Spend 0.07200407981872559 seconds
2019-09-21 10:41:07,261 - root - INFO - Take screenshot: 20190921104106, Spend 0.40102267265319824 seconds
2019-09-21 10:41:07,266 - root - INFO - SUCCESS    Get current window title, Spend 0.004000186920166016 seconds
2019-09-21 10:41:07,499 - root - INFO - SUCCESS    Navigated to http://www.baidu.com, Spend 0.23301339149475098 seconds
2019-09-21 10:41:07,614 - root - INFO - SUCCESS    Clear and type element: <id->kw> content: selenium, Spend 0.11400628089904785 seconds
2019-09-21 10:41:07,677 - root - INFO - SUCCESS    Clicked element: <id->su>, Spend 0.06100344657897949 seconds
2019-09-21 10:41:10,074 - root - INFO - Take screenshot: 20190921104109, Spend 0.3950226306915283 seconds
2019-09-21 10:41:10,078 - root - INFO - SUCCESS    Get current window title, Spend 0.004000425338745117 seconds
2019-09-21 10:41:10,261 - root - INFO - SUCCESS    Navigated to http://www.baidu.com, Spend 0.18201041221618652 seconds
2019-09-21 10:41:10,359 - root - INFO - SUCCESS    Clear and type element: <id->kw> content: github, Spend 0.09700560569763184 seconds
2019-09-21 10:41:10,407 - root - INFO - SUCCESS    Clicked element: <id->su>, Spend 0.04800295829772949 seconds
2019-09-21 10:41:12,759 - root - INFO - Take screenshot: 20190921104112, Spend 0.35102009773254395 seconds
2019-09-21 10:41:12,764 - root - INFO - SUCCESS    Get current window title, Spend 0.004000425338745117 seconds
2019-09-21 10:41:12,947 - root - INFO - SUCCESS    Navigated to http://www.baidu.com, Spend 0.18201041221618652 seconds
2019-09-21 10:41:13,065 - root - INFO - SUCCESS    Clear and type element: <id->kw> content: 小石头tester, Spend 0.11700654029846191 seconds
2019-09-21 10:41:13,127 - root - INFO - SUCCESS    Clicked element: <id->su>, Spend 0.062003374099731445 seconds
2019-09-21 10:41:15,490 - root - INFO - Take screenshot: 20190921104115, Spend 0.36202096939086914 seconds
2019-09-21 10:41:15,494 - root - INFO - SUCCESS    Get current window title, Spend 0.0030002593994140625 seconds
2019-09-21 10:41:17,685 - root - INFO - ###############################  End  ###############################
2019-09-21 10:42:20,071 - root - INFO - ############################### START ###############################
2019-09-21 10:42:22,660 - root - INFO - SUCCESS    Start a new browser: chrome, Spend 2.5871479511260986 seconds
2019-09-21 10:42:23,804 - root - INFO - SUCCESS    Set browser window maximized, Spend 1.1420652866363525 seconds
2019-09-21 10:42:24,545 - root - INFO - SUCCESS    Navigated to http://www.baidu.com, Spend 0.7380421161651611 seconds
2019-09-21 10:42:24,718 - root - INFO - SUCCESS    Clear and type element: <id->kw> content: 小石头tester, Spend 0.17201018333435059 seconds
2019-09-21 10:42:24,775 - root - INFO - SUCCESS    Clicked element: <id->su>, Spend 0.05500340461730957 seconds
2019-09-21 10:42:27,177 - root - INFO - Take screenshot: 20190921104226, Spend 0.40102267265319824 seconds
2019-09-21 10:42:27,182 - root - INFO - SUCCESS    Get current window title, Spend 0.00500035285949707 seconds
2019-09-21 10:42:29,353 - root - INFO - ###############################  End  ###############################
2019-09-21 10:42:29,354 - root - INFO - ############################### START ###############################
2019-09-21 10:42:31,926 - root - INFO - SUCCESS    Start a new browser: chrome, Spend 2.5711469650268555 seconds
2019-09-21 10:42:33,064 - root - INFO - SUCCESS    Set browser window maximized, Spend 1.1370654106140137 seconds
2019-09-21 10:42:33,747 - root - INFO - SUCCESS    Navigated to http://www.baidu.com, Spend 0.6570377349853516 seconds
2019-09-21 10:42:33,897 - root - INFO - SUCCESS    Clear and type element: <id->kw> content: webdriver, Spend 0.1500084400177002 seconds
2019-09-21 10:42:33,953 - root - INFO - SUCCESS    Clicked element: <id->su>, Spend 0.054003238677978516 seconds
2019-09-21 10:42:36,312 - root - INFO - Take screenshot: 20190921104235, Spend 0.3580207824707031 seconds
2019-09-21 10:42:36,317 - root - INFO - SUCCESS    Get current window title, Spend 0.003999948501586914 seconds
2019-09-21 10:42:36,527 - root - INFO - SUCCESS    Navigated to http://www.baidu.com, Spend 0.20901203155517578 seconds
2019-09-21 10:42:36,637 - root - INFO - SUCCESS    Clear and type element: <id->kw> content: selenium, Spend 0.11000633239746094 seconds
2019-09-21 10:42:36,692 - root - INFO - SUCCESS    Clicked element: <id->su>, Spend 0.05300283432006836 seconds
2019-09-21 10:42:39,121 - root - INFO - Take screenshot: 20190921104238, Spend 0.4280242919921875 seconds
2019-09-21 10:42:39,125 - root - INFO - SUCCESS    Get current window title, Spend 0.003000020980834961 seconds
2019-09-21 10:42:39,305 - root - INFO - SUCCESS    Navigated to http://www.baidu.com, Spend 0.17901015281677246 seconds
2019-09-21 10:42:39,403 - root - INFO - SUCCESS    Clear and type element: <id->kw> content: github, Spend 0.09700536727905273 seconds
2019-09-21 10:42:39,462 - root - INFO - SUCCESS    Clicked element: <id->su>, Spend 0.05800366401672363 seconds
2019-09-21 10:42:41,880 - root - INFO - Take screenshot: 20190921104241, Spend 0.4170236587524414 seconds
2019-09-21 10:42:41,884 - root - INFO - SUCCESS    Get current window title, Spend 0.003000020980834961 seconds
2019-09-21 10:42:42,060 - root - INFO - SUCCESS    Navigated to http://www.baidu.com, Spend 0.1760101318359375 seconds
2019-09-21 10:42:42,174 - root - INFO - SUCCESS    Clear and type element: <id->kw> content: 小石头tester, Spend 0.113006591796875 seconds
2019-09-21 10:42:42,220 - root - INFO - SUCCESS    Clicked element: <id->su>, Spend 0.04600262641906738 seconds
2019-09-21 10:42:44,625 - root - INFO - Take screenshot: 20190921104244, Spend 0.4040229320526123 seconds
2019-09-21 10:42:44,629 - root - INFO - SUCCESS    Get current window title, Spend 0.003000020980834961 seconds
2019-09-21 10:42:46,805 - root - INFO - ###############################  End  ###############################
2019-09-21 10:42:46,808 - root - INFO - ############################### START ###############################
2019-09-21 10:42:49,386 - root - INFO - SUCCESS    Start a new browser: chrome, Spend 2.5751473903656006 seconds
2019-09-21 10:42:50,516 - root - INFO - SUCCESS    Set browser window maximized, Spend 1.1290645599365234 seconds
2019-09-21 10:42:51,090 - root - INFO - SUCCESS    Navigated to http://www.baidu.com, Spend 0.5720324516296387 seconds
2019-09-21 10:42:51,235 - root - INFO - SUCCESS    Clear and type element: <id->kw> content: 小石头tester, Spend 0.14500832557678223 seconds
2019-09-21 10:42:51,294 - root - INFO - SUCCESS    Clicked element: <id->su>, Spend 0.05800318717956543 seconds
2019-09-21 10:42:53,684 - root - INFO - Take screenshot: 20190921104253, Spend 0.3890223503112793 seconds
2019-09-21 10:42:53,689 - root - INFO - SUCCESS    Get current window title, Spend 0.003999948501586914 seconds
2019-09-21 10:42:55,872 - root - INFO - ###############################  End  ###############################
2019-09-21 10:42:55,875 - root - INFO - ############################### START ###############################
2019-09-21 10:42:58,517 - root - INFO - SUCCESS    Start a new browser: chrome, Spend 2.640151023864746 seconds
2019-09-21 10:42:59,659 - root - INFO - SUCCESS    Set browser window maximized, Spend 1.1400654315948486 seconds
2019-09-21 10:43:00,370 - root - INFO - SUCCESS    Navigated to http://www.baidu.com, Spend 0.6970398426055908 seconds
2019-09-21 10:43:00,514 - root - INFO - SUCCESS    Clear and type element: <id->kw> content: webdriver, Spend 0.14400815963745117 seconds
2019-09-21 10:43:00,578 - root - INFO - SUCCESS    Clicked element: <id->su>, Spend 0.0630035400390625 seconds
2019-09-21 10:43:02,964 - root - INFO - Take screenshot: 20190921104302, Spend 0.3850219249725342 seconds
2019-09-21 10:43:02,969 - root - INFO - SUCCESS    Get current window title, Spend 0.003999948501586914 seconds
2019-09-21 10:43:03,142 - root - INFO - SUCCESS    Navigated to http://www.baidu.com, Spend 0.17200970649719238 seconds
2019-09-21 10:43:03,257 - root - INFO - SUCCESS    Clear and type element: <id->kw> content: selenium, Spend 0.11400651931762695 seconds
2019-09-21 10:43:03,310 - root - INFO - SUCCESS    Clicked element: <id->su>, Spend 0.052002906799316406 seconds
2019-09-21 10:43:05,674 - root - INFO - Take screenshot: 20190921104305, Spend 0.3630208969116211 seconds
2019-09-21 10:43:05,678 - root - INFO - SUCCESS    Get current window title, Spend 0.004000186920166016 seconds
2019-09-21 10:43:05,828 - root - INFO - SUCCESS    Navigated to http://www.baidu.com, Spend 0.14900875091552734 seconds
2019-09-21 10:43:05,945 - root - INFO - SUCCESS    Clear and type element: <id->kw> content: github, Spend 0.11600637435913086 seconds
2019-09-21 10:43:06,021 - root - INFO - SUCCESS    Clicked element: <id->su>, Spend 0.07500433921813965 seconds
2019-09-21 10:43:08,446 - root - INFO - Take screenshot: 20190921104308, Spend 0.42502450942993164 seconds
2019-09-21 10:43:08,453 - root - INFO - SUCCESS    Get current window title, Spend 0.006000518798828125 seconds
2019-09-21 10:43:08,606 - root - INFO - SUCCESS    Navigated to http://www.baidu.com, Spend 0.1520085334777832 seconds
2019-09-21 10:43:08,719 - root - INFO - SUCCESS    Clear and type element: <id->kw> content: 小石头tester, Spend 0.11200642585754395 seconds
2019-09-21 10:43:08,776 - root - INFO - SUCCESS    Clicked element: <id->su>, Spend 0.05700325965881348 seconds
2019-09-21 10:43:11,183 - root - INFO - Take screenshot: 20190921104310, Spend 0.40502333641052246 seconds
2019-09-21 10:43:11,187 - root - INFO - SUCCESS    Get current window title, Spend 0.0030002593994140625 seconds
2019-09-21 10:43:13,376 - root - INFO - ###############################  End  ###############################
2019-09-21 10:44:27,047 - root - INFO - ############################### START ###############################
2019-09-21 10:44:29,629 - root - INFO - SUCCESS    Start a new browser: chrome, Spend 2.5811476707458496 seconds
2019-09-21 10:44:30,751 - root - INFO - SUCCESS    Set browser window maximized, Spend 1.1200640201568604 seconds
2019-09-21 10:44:31,537 - root - INFO - SUCCESS    Navigated to http://www.baidu.com, Spend 0.7850451469421387 seconds
2019-09-21 10:44:31,726 - root - INFO - SUCCESS    Clear and type element: <id->kw> content: 小石头tester, Spend 0.18801069259643555 seconds
2019-09-21 10:44:31,795 - root - INFO - SUCCESS    Clicked element: <id->su>, Spend 0.06800389289855957 seconds
2019-09-21 10:44:34,200 - root - INFO - Take screenshot: 20190921104433.png, Spend 0.40502285957336426 seconds
2019-09-21 10:44:34,205 - root - INFO - SUCCESS    Get current window title, Spend 0.004000186920166016 seconds
2019-09-21 10:44:36,370 - root - INFO - ###############################  End  ###############################
